


2015-06-23 08:00:03 censor.process.php

2015-06-23 08:00:03 CRAWL card
2015-06-23 08:00:04 INSERT card 902008
2015-06-23 08:00:05 INSERT card 902005
2015-06-23 08:00:05 INSERT card 901837
2015-06-23 08:00:05 INSERT card 902004
2015-06-23 08:00:05 INSERT card 901918
2015-06-23 08:00:05 INSERT card 902000
2015-06-23 08:00:05 INSERT card 902002
2015-06-23 08:00:05 INSERT card 902001
2015-06-23 08:00:05 INSERT card 901988
2015-06-23 08:00:05 INSERT card 901998

2015-06-23 08:00:05 CRAWL comment
2015-06-23 08:00:05 INSERT comment 1854004
2015-06-23 08:00:06 INSERT comment 1854003
2015-06-23 08:00:06 INSERT comment 1854002
2015-06-23 08:00:06 INSERT comment 1854001
2015-06-23 08:00:06 INSERT comment 1854000
2015-06-23 08:00:06 INSERT comment 1853999
2015-06-23 08:00:06 INSERT comment 1853998
2015-06-23 08:00:06 INSERT comment 1853997
2015-06-23 08:00:06 INSERT comment 1853996
2015-06-23 08:00:06 INSERT comment 1853995
2015-06-23 08:00:06 INSERT comment 1853994
2015-06-23 08:00:06 INSERT comment 1853993
2015-06-23 08:00:06 INSERT comment 1853992
2015-06-23 08:00:06 INSERT comment 1853991
2015-06-23 08:00:06 INSERT comment 1853990
2015-06-23 08:00:06 INSERT comment 1853989
2015-06-23 08:00:06 INSERT comment 1853988
2015-06-23 08:00:07 INSERT comment 1853987
2015-06-23 08:00:07 INSERT comment 1853986
2015-06-23 08:00:07 INSERT comment 1853985
2015-06-23 08:00:07 INSERT comment 1853984
2015-06-23 08:00:07 INSERT comment 1853983
2015-06-23 08:00:07 INSERT comment 1853982
2015-06-23 08:00:07 INSERT comment 1853981
2015-06-23 08:00:07 INSERT comment 1853980
2015-06-23 08:00:07 INSERT comment 1853979
2015-06-23 08:00:07 INSERT comment 1853978
2015-06-23 08:00:07 INSERT comment 1853977
2015-06-23 08:00:07 INSERT comment 1853976
2015-06-23 08:00:08 INSERT comment 1853975
2015-06-23 08:00:08 INSERT comment 1853974
2015-06-23 08:00:08 INSERT comment 1853973
2015-06-23 08:00:08 INSERT comment 1853972
2015-06-23 08:00:08 INSERT comment 1853971

2015-06-23 08:00:08 REPORT card
2015-06-23 08:00:08 UPDATE card 
2015-06-23 08:00:08 UPDATE card 
2015-06-23 08:00:08 UPDATE card 
2015-06-23 08:00:08 UPDATE card 
2015-06-23 08:00:08 UPDATE card 
2015-06-23 08:00:08 UPDATE card 
2015-06-23 08:00:08 UPDATE card 
2015-06-23 08:00:08 UPDATE card 
2015-06-23 08:00:08 UPDATE card 
2015-06-23 08:00:08 UPDATE card 
2015-06-23 08:00:08 UPDATE card 
2015-06-23 08:00:08 UPDATE card 
2015-06-23 08:00:08 UPDATE card 
2015-06-23 08:00:08 UPDATE card 
2015-06-23 08:00:08 UPDATE card 
2015-06-23 08:00:08 UPDATE card 
2015-06-23 08:00:08 UPDATE card 
2015-06-23 08:00:08 UPDATE card 
2015-06-23 08:00:08 UPDATE card 
2015-06-23 08:00:08 UPDATE card 
2015-06-23 08:00:08 UPDATE card 
2015-06-23 08:00:08 UPDATE card 
2015-06-23 08:00:08 UPDATE card 
2015-06-23 08:00:08 UPDATE card 
2015-06-23 08:00:08 UPDATE card 
2015-06-23 08:00:08 UPDATE card 
2015-06-23 08:00:08 UPDATE card 
2015-06-23 08:00:08 UPDATE card 
2015-06-23 08:00:08 UPDATE card 
2015-06-23 08:00:08 UPDATE card 
2015-06-23 08:00:08 UPDATE card 
2015-06-23 08:00:08 UPDATE card 
2015-06-23 08:00:08 UPDATE card 
2015-06-23 08:00:08 UPDATE card 

2015-06-23 08:00:08 REPORT comment
2015-06-23 08:00:08 UPDATE Comment 
2015-06-23 08:00:08 UPDATE Comment 
2015-06-23 08:00:08 UPDATE Comment 
2015-06-23 08:00:08 UPDATE Comment 
2015-06-23 08:00:08 UPDATE Comment 
2015-06-23 08:00:08 UPDATE Comment 
2015-06-23 08:00:08 UPDATE Comment 
2015-06-23 08:00:08 UPDATE Comment 
2015-06-23 08:00:08 UPDATE Comment 
2015-06-23 08:00:08 UPDATE Comment 
2015-06-23 08:00:08 UPDATE Comment 
2015-06-23 08:00:08 UPDATE Comment 
2015-06-23 08:00:08 UPDATE Comment 
2015-06-23 08:00:08 UPDATE Comment 
2015-06-23 08:00:08 UPDATE Comment 
2015-06-23 08:00:08 UPDATE Comment 
2015-06-23 08:00:08 UPDATE Comment 
2015-06-23 08:00:08 UPDATE Comment 
2015-06-23 08:00:08 UPDATE Comment 
2015-06-23 08:00:08 UPDATE Comment 
2015-06-23 08:00:08 UPDATE Comment 
2015-06-23 08:00:08 UPDATE Comment 
2015-06-23 08:00:08 UPDATE Comment 
2015-06-23 08:00:08 UPDATE Comment 
2015-06-23 08:00:08 UPDATE Comment 
2015-06-23 08:00:08 UPDATE Comment 
2015-06-23 08:00:08 UPDATE Comment 
2015-06-23 08:00:08 UPDATE Comment 
2015-06-23 08:00:08 UPDATE Comment 
2015-06-23 08:00:08 UPDATE Comment 
2015-06-23 08:00:08 UPDATE Comment 
2015-06-23 08:00:08 UPDATE Comment 
2015-06-23 08:00:08 UPDATE Comment 
2015-06-23 08:00:08 UPDATE Comment 



2015-06-23 08:05:08 censor.process.php

2015-06-23 08:05:08 CRAWL card
2015-06-23 08:05:09 INSERT card 902011
2015-06-23 08:05:09 INSERT card 902015
2015-06-23 08:05:09 INSERT card 902012
2015-06-23 08:05:09 INSERT card 902014
2015-06-23 08:05:09 INSERT card 902009
2015-06-23 08:05:10 INSERT card 901996
2015-06-23 08:05:10 INSERT card 902008
2015-06-23 08:05:10 INSERT card 901837
2015-06-23 08:05:10 INSERT card 901961
2015-06-23 08:05:10 INSERT card 901958

2015-06-23 08:05:10 CRAWL comment
2015-06-23 08:05:10 INSERT comment 1854036
2015-06-23 08:05:10 INSERT comment 1854035
2015-06-23 08:05:10 INSERT comment 1854034
2015-06-23 08:05:10 INSERT comment 1854033
2015-06-23 08:05:10 INSERT comment 1854032
2015-06-23 08:05:10 INSERT comment 1854031
2015-06-23 08:05:10 INSERT comment 1854030
2015-06-23 08:05:10 INSERT comment 1854029
2015-06-23 08:05:10 INSERT comment 1854028
2015-06-23 08:05:10 INSERT comment 1854027
2015-06-23 08:05:11 INSERT comment 1854026
2015-06-23 08:05:11 INSERT comment 1854025
2015-06-23 08:05:11 INSERT comment 1854024
2015-06-23 08:05:11 INSERT comment 1854023
2015-06-23 08:05:11 INSERT comment 1854022
2015-06-23 08:05:11 INSERT comment 1854021
2015-06-23 08:05:11 INSERT comment 1854020
2015-06-23 08:05:11 INSERT comment 1854019
2015-06-23 08:05:11 INSERT comment 1854018
2015-06-23 08:05:11 INSERT comment 1854017
2015-06-23 08:05:11 INSERT comment 1854016
2015-06-23 08:05:11 INSERT comment 1854015
2015-06-23 08:05:11 INSERT comment 1854014
2015-06-23 08:05:11 INSERT comment 1854013
2015-06-23 08:05:11 INSERT comment 1854012
2015-06-23 08:05:11 INSERT comment 1854011
2015-06-23 08:05:11 INSERT comment 1854010
2015-06-23 08:05:11 INSERT comment 1854009
2015-06-23 08:05:11 INSERT comment 1854008
2015-06-23 08:05:11 INSERT comment 1854007
2015-06-23 08:05:12 INSERT comment 1854006
2015-06-23 08:05:12 INSERT comment 1854005
2015-06-23 08:05:12 INSERT comment 1854004
2015-06-23 08:05:12 INSERT comment 1854003
2015-06-23 08:05:12 INSERT comment 1854002
2015-06-23 08:05:12 INSERT comment 1854001
2015-06-23 08:05:12 INSERT comment 1854000

2015-06-23 08:05:12 REPORT card
2015-06-23 08:05:12 UPDATE card 
2015-06-23 08:05:12 UPDATE card 
2015-06-23 08:05:12 UPDATE card 
2015-06-23 08:05:12 UPDATE card 
2015-06-23 08:05:12 UPDATE card 
2015-06-23 08:05:12 UPDATE card 
2015-06-23 08:05:12 UPDATE card 
2015-06-23 08:05:12 UPDATE card 
2015-06-23 08:05:12 UPDATE card 
2015-06-23 08:05:12 UPDATE card 
2015-06-23 08:05:12 UPDATE card 
2015-06-23 08:05:12 UPDATE card 
2015-06-23 08:05:12 UPDATE card 
2015-06-23 08:05:12 UPDATE card 
2015-06-23 08:05:12 UPDATE card 
2015-06-23 08:05:12 UPDATE card 
2015-06-23 08:05:12 UPDATE card 
2015-06-23 08:05:12 UPDATE card 
2015-06-23 08:05:12 UPDATE card 
2015-06-23 08:05:12 UPDATE card 
2015-06-23 08:05:12 UPDATE card 
2015-06-23 08:05:12 UPDATE card 
2015-06-23 08:05:12 UPDATE card 
2015-06-23 08:05:12 UPDATE card 
2015-06-23 08:05:12 UPDATE card 
2015-06-23 08:05:12 UPDATE card 
2015-06-23 08:05:12 UPDATE card 
2015-06-23 08:05:12 UPDATE card 
2015-06-23 08:05:12 UPDATE card 
2015-06-23 08:05:12 UPDATE card 
2015-06-23 08:05:12 UPDATE card 
2015-06-23 08:05:12 UPDATE card 
2015-06-23 08:05:12 UPDATE card 
2015-06-23 08:05:12 UPDATE card 
2015-06-23 08:05:12 UPDATE card 
2015-06-23 08:05:12 UPDATE card 
2015-06-23 08:05:12 UPDATE card 

2015-06-23 08:05:12 REPORT comment
2015-06-23 08:05:12 UPDATE Comment 
2015-06-23 08:05:12 UPDATE Comment 
2015-06-23 08:05:12 UPDATE Comment 
2015-06-23 08:05:12 UPDATE Comment 
2015-06-23 08:05:12 UPDATE Comment 
2015-06-23 08:05:12 UPDATE Comment 
2015-06-23 08:05:12 UPDATE Comment 
2015-06-23 08:05:12 UPDATE Comment 
2015-06-23 08:05:12 UPDATE Comment 
2015-06-23 08:05:12 UPDATE Comment 
2015-06-23 08:05:12 UPDATE Comment 
2015-06-23 08:05:12 UPDATE Comment 
2015-06-23 08:05:12 UPDATE Comment 
2015-06-23 08:05:12 UPDATE Comment 
2015-06-23 08:05:12 UPDATE Comment 
2015-06-23 08:05:12 UPDATE Comment 
2015-06-23 08:05:12 UPDATE Comment 
2015-06-23 08:05:12 UPDATE Comment 
2015-06-23 08:05:12 UPDATE Comment 
2015-06-23 08:05:12 UPDATE Comment 
2015-06-23 08:05:12 UPDATE Comment 
2015-06-23 08:05:12 UPDATE Comment 
2015-06-23 08:05:12 UPDATE Comment 
2015-06-23 08:05:12 UPDATE Comment 
2015-06-23 08:05:12 UPDATE Comment 
2015-06-23 08:05:12 UPDATE Comment 
2015-06-23 08:05:12 UPDATE Comment 
2015-06-23 08:05:12 UPDATE Comment 
2015-06-23 08:05:12 UPDATE Comment 
2015-06-23 08:05:12 UPDATE Comment 
2015-06-23 08:05:12 UPDATE Comment 
2015-06-23 08:05:12 UPDATE Comment 
2015-06-23 08:05:12 UPDATE Comment 
2015-06-23 08:05:12 UPDATE Comment 
2015-06-23 08:05:12 UPDATE Comment 
2015-06-23 08:05:12 UPDATE Comment 
2015-06-23 08:05:12 UPDATE Comment 



2015-06-23 08:10:12 censor.process.php

2015-06-23 08:10:12 CRAWL card
2015-06-23 08:10:13 INSERT card 902017
2015-06-23 08:10:13 INSERT card 902018
2015-06-23 08:10:13 INSERT card 902019
2015-06-23 08:10:13 INSERT card 902013
2015-06-23 08:10:13 INSERT card 902007
2015-06-23 08:10:13 INSERT card 902016
2015-06-23 08:10:13 INSERT card 902012
2015-06-23 08:10:13 INSERT card 902011
2015-06-23 08:10:13 INSERT card 902015
2015-06-23 08:10:13 INSERT card 902014

2015-06-23 08:10:13 CRAWL comment
2015-06-23 08:10:14 INSERT comment 1854053
2015-06-23 08:10:14 INSERT comment 1854052
2015-06-23 08:10:14 INSERT comment 1854051
2015-06-23 08:10:14 INSERT comment 1854050
2015-06-23 08:10:14 INSERT comment 1854049
2015-06-23 08:10:14 INSERT comment 1854048
2015-06-23 08:10:14 INSERT comment 1854047
2015-06-23 08:10:14 INSERT comment 1854046
2015-06-23 08:10:14 INSERT comment 1854045
2015-06-23 08:10:14 INSERT comment 1854044
2015-06-23 08:10:14 INSERT comment 1854043
2015-06-23 08:10:14 INSERT comment 1854042
2015-06-23 08:10:15 INSERT comment 1854041
2015-06-23 08:10:15 INSERT comment 1854040
2015-06-23 08:10:15 INSERT comment 1854039
2015-06-23 08:10:15 INSERT comment 1854038
2015-06-23 08:10:15 INSERT comment 1854037
2015-06-23 08:10:15 INSERT comment 1854036
2015-06-23 08:10:15 INSERT comment 1854035
2015-06-23 08:10:15 INSERT comment 1854034
2015-06-23 08:10:15 INSERT comment 1854033
2015-06-23 08:10:15 INSERT comment 1854032
2015-06-23 08:10:15 INSERT comment 1854031
2015-06-23 08:10:15 INSERT comment 1854030
2015-06-23 08:10:15 INSERT comment 1854029
2015-06-23 08:10:15 INSERT comment 1854028
2015-06-23 08:10:15 INSERT comment 1854027
2015-06-23 08:10:15 INSERT comment 1854026

2015-06-23 08:10:15 REPORT card
2015-06-23 08:10:15 UPDATE card 
2015-06-23 08:10:15 UPDATE card 
2015-06-23 08:10:15 UPDATE card 
2015-06-23 08:10:15 UPDATE card 
2015-06-23 08:10:15 UPDATE card 
2015-06-23 08:10:15 UPDATE card 
2015-06-23 08:10:15 UPDATE card 
2015-06-23 08:10:15 UPDATE card 
2015-06-23 08:10:15 UPDATE card 
2015-06-23 08:10:15 UPDATE card 
2015-06-23 08:10:15 UPDATE card 
2015-06-23 08:10:15 UPDATE card 
2015-06-23 08:10:15 UPDATE card 
2015-06-23 08:10:15 UPDATE card 
2015-06-23 08:10:15 UPDATE card 
2015-06-23 08:10:15 UPDATE card 
2015-06-23 08:10:15 UPDATE card 
2015-06-23 08:10:15 UPDATE card 
2015-06-23 08:10:15 UPDATE card 
2015-06-23 08:10:15 UPDATE card 
2015-06-23 08:10:15 UPDATE card 
2015-06-23 08:10:15 UPDATE card 
2015-06-23 08:10:15 UPDATE card 
2015-06-23 08:10:15 UPDATE card 
2015-06-23 08:10:15 UPDATE card 
2015-06-23 08:10:15 UPDATE card 
2015-06-23 08:10:15 UPDATE card 
2015-06-23 08:10:15 UPDATE card 

2015-06-23 08:10:15 REPORT comment
2015-06-23 08:10:15 UPDATE Comment 
2015-06-23 08:10:15 UPDATE Comment 
2015-06-23 08:10:15 UPDATE Comment 
2015-06-23 08:10:15 UPDATE Comment 
2015-06-23 08:10:15 UPDATE Comment 
2015-06-23 08:10:15 UPDATE Comment 
2015-06-23 08:10:15 UPDATE Comment 
2015-06-23 08:10:15 UPDATE Comment 
2015-06-23 08:10:15 UPDATE Comment 
2015-06-23 08:10:15 UPDATE Comment 
2015-06-23 08:10:15 UPDATE Comment 
2015-06-23 08:10:15 UPDATE Comment 
2015-06-23 08:10:15 UPDATE Comment 
2015-06-23 08:10:15 UPDATE Comment 
2015-06-23 08:10:15 UPDATE Comment 
2015-06-23 08:10:15 UPDATE Comment 
2015-06-23 08:10:15 UPDATE Comment 
2015-06-23 08:10:15 UPDATE Comment 
2015-06-23 08:10:15 UPDATE Comment 
2015-06-23 08:10:15 UPDATE Comment 
2015-06-23 08:10:15 UPDATE Comment 
2015-06-23 08:10:15 UPDATE Comment 
2015-06-23 08:10:15 UPDATE Comment 
2015-06-23 08:10:15 UPDATE Comment 
2015-06-23 08:10:15 UPDATE Comment 
2015-06-23 08:10:15 UPDATE Comment 
2015-06-23 08:10:15 UPDATE Comment 
2015-06-23 08:10:15 UPDATE Comment 



2015-06-23 08:15:15 censor.process.php

2015-06-23 08:15:15 CRAWL card
2015-06-23 08:15:16 INSERT card 902010
2015-06-23 08:15:16 INSERT card 901999
2015-06-23 08:15:16 INSERT card 902025
2015-06-23 08:15:16 INSERT card 902024
2015-06-23 08:15:16 INSERT card 902023
2015-06-23 08:15:16 INSERT card 902020
2015-06-23 08:15:16 INSERT card 902017

2015-06-23 08:15:16 CRAWL comment
2015-06-23 08:15:16 INSERT comment 1854063
2015-06-23 08:15:16 INSERT comment 1854062
2015-06-23 08:15:17 INSERT comment 1854061
2015-06-23 08:15:17 INSERT comment 1854060
2015-06-23 08:15:17 INSERT comment 1854059
2015-06-23 08:15:17 INSERT comment 1854058
2015-06-23 08:15:17 INSERT comment 1854057
2015-06-23 08:15:17 INSERT comment 1854056
2015-06-23 08:15:17 INSERT comment 1854055
2015-06-23 08:15:17 INSERT comment 1854054
2015-06-23 08:15:17 INSERT comment 1854053
2015-06-23 08:15:17 INSERT comment 1854052
2015-06-23 08:15:17 INSERT comment 1854051

2015-06-23 08:15:17 REPORT card
2015-06-23 08:15:17 UPDATE card 
2015-06-23 08:15:17 UPDATE card 
2015-06-23 08:15:17 UPDATE card 
2015-06-23 08:15:17 UPDATE card 
2015-06-23 08:15:17 UPDATE card 
2015-06-23 08:15:17 UPDATE card 
2015-06-23 08:15:17 UPDATE card 
2015-06-23 08:15:17 UPDATE card 
2015-06-23 08:15:17 UPDATE card 
2015-06-23 08:15:17 UPDATE card 
2015-06-23 08:15:17 UPDATE card 
2015-06-23 08:15:17 UPDATE card 
2015-06-23 08:15:17 UPDATE card 

2015-06-23 08:15:17 REPORT comment
2015-06-23 08:15:17 UPDATE Comment 
2015-06-23 08:15:17 UPDATE Comment 
2015-06-23 08:15:17 UPDATE Comment 
2015-06-23 08:15:17 UPDATE Comment 
2015-06-23 08:15:17 UPDATE Comment 
2015-06-23 08:15:17 UPDATE Comment 
2015-06-23 08:15:17 UPDATE Comment 
2015-06-23 08:15:17 UPDATE Comment 
2015-06-23 08:15:17 UPDATE Comment 
2015-06-23 08:15:17 UPDATE Comment 
2015-06-23 08:15:17 UPDATE Comment 
2015-06-23 08:15:17 UPDATE Comment 
2015-06-23 08:15:17 UPDATE Comment 



2015-06-23 08:20:17 censor.process.php

2015-06-23 08:20:17 CRAWL card
2015-06-23 08:20:18 INSERT card 902033
2015-06-23 08:20:18 INSERT card 902030
2015-06-23 08:20:18 INSERT card 902031
2015-06-23 08:20:18 INSERT card 902022
2015-06-23 08:20:18 INSERT card 902021
2015-06-23 08:20:19 INSERT card 902029
2015-06-23 08:20:19 INSERT card 902027
2015-06-23 08:20:19 INSERT card 902026
2015-06-23 08:20:19 INSERT card 902010

2015-06-23 08:20:19 CRAWL comment
2015-06-23 08:20:19 INSERT comment 1854073
2015-06-23 08:20:19 INSERT comment 1854072
2015-06-23 08:20:19 INSERT comment 1854071
2015-06-23 08:20:19 INSERT comment 1854070
2015-06-23 08:20:19 INSERT comment 1854069
2015-06-23 08:20:19 INSERT comment 1854068
2015-06-23 08:20:19 INSERT comment 1854067
2015-06-23 08:20:19 INSERT comment 1854066
2015-06-23 08:20:19 INSERT comment 1854065
2015-06-23 08:20:19 INSERT comment 1854064

2015-06-23 08:20:19 REPORT card
2015-06-23 08:20:19 UPDATE card 
2015-06-23 08:20:19 UPDATE card 
2015-06-23 08:20:19 UPDATE card 
2015-06-23 08:20:19 UPDATE card 
2015-06-23 08:20:19 UPDATE card 
2015-06-23 08:20:19 UPDATE card 
2015-06-23 08:20:19 UPDATE card 
2015-06-23 08:20:19 UPDATE card 
2015-06-23 08:20:19 UPDATE card 
2015-06-23 08:20:19 UPDATE card 

2015-06-23 08:20:19 REPORT comment
2015-06-23 08:20:19 UPDATE Comment 
2015-06-23 08:20:19 UPDATE Comment 
2015-06-23 08:20:19 UPDATE Comment 
2015-06-23 08:20:19 UPDATE Comment 
2015-06-23 08:20:19 UPDATE Comment 
2015-06-23 08:20:19 UPDATE Comment 
2015-06-23 08:20:19 UPDATE Comment 
2015-06-23 08:20:19 UPDATE Comment 
2015-06-23 08:20:19 UPDATE Comment 
2015-06-23 08:20:19 UPDATE Comment 



2015-06-23 08:25:20 censor.process.php

2015-06-23 08:25:20 CRAWL card
2015-06-23 08:25:21 INSERT card 902036
2015-06-23 08:25:21 INSERT card 902038
2015-06-23 08:25:21 INSERT card 902032
2015-06-23 08:25:21 INSERT card 902035
2015-06-23 08:25:21 INSERT card 901981
2015-06-23 08:25:21 INSERT card 902033
2015-06-23 08:25:21 INSERT card 902030
2015-06-23 08:25:21 INSERT card 902031

2015-06-23 08:25:21 CRAWL comment
2015-06-23 08:25:21 INSERT comment 1854084
2015-06-23 08:25:21 INSERT comment 1854083
2015-06-23 08:25:21 INSERT comment 1854082
2015-06-23 08:25:21 INSERT comment 1854081
2015-06-23 08:25:21 INSERT comment 1854080
2015-06-23 08:25:21 INSERT comment 1854079
2015-06-23 08:25:21 INSERT comment 1854078
2015-06-23 08:25:21 INSERT comment 1854077
2015-06-23 08:25:21 INSERT comment 1854076
2015-06-23 08:25:22 INSERT comment 1854075
2015-06-23 08:25:22 INSERT comment 1854074

2015-06-23 08:25:22 REPORT card
2015-06-23 08:25:22 UPDATE card 
2015-06-23 08:25:22 UPDATE card 
2015-06-23 08:25:22 UPDATE card 
2015-06-23 08:25:22 UPDATE card 
2015-06-23 08:25:22 UPDATE card 
2015-06-23 08:25:22 UPDATE card 
2015-06-23 08:25:22 UPDATE card 
2015-06-23 08:25:22 UPDATE card 
2015-06-23 08:25:22 UPDATE card 
2015-06-23 08:25:22 UPDATE card 
2015-06-23 08:25:22 UPDATE card 

2015-06-23 08:25:22 REPORT comment
2015-06-23 08:25:22 UPDATE Comment 
2015-06-23 08:25:22 UPDATE Comment 
2015-06-23 08:25:22 UPDATE Comment 
2015-06-23 08:25:22 UPDATE Comment 
2015-06-23 08:25:22 UPDATE Comment 
2015-06-23 08:25:22 UPDATE Comment 
2015-06-23 08:25:22 UPDATE Comment 
2015-06-23 08:25:22 UPDATE Comment 
2015-06-23 08:25:22 UPDATE Comment 
2015-06-23 08:25:22 UPDATE Comment 
2015-06-23 08:25:22 UPDATE Comment 



2015-06-23 08:30:22 censor.process.php

2015-06-23 08:30:22 CRAWL card
2015-06-23 08:30:23 INSERT card 901983
2015-06-23 08:30:23 INSERT card 902051
2015-06-23 08:30:23 INSERT card 902048
2015-06-23 08:30:23 INSERT card 902049
2015-06-23 08:30:23 INSERT card 902037
2015-06-23 08:30:23 INSERT card 902028
2015-06-23 08:30:23 INSERT card 902041
2015-06-23 08:30:23 INSERT card 902045
2015-06-23 08:30:23 INSERT card 902044
2015-06-23 08:30:23 INSERT card 902042
2015-06-23 08:30:23 INSERT card 902036
2015-06-23 08:30:23 INSERT card 902038

2015-06-23 08:30:23 CRAWL comment
2015-06-23 08:30:23 INSERT comment 1854097
2015-06-23 08:30:24 INSERT comment 1854096
2015-06-23 08:30:24 INSERT comment 1854095
2015-06-23 08:30:24 INSERT comment 1854094
2015-06-23 08:30:24 INSERT comment 1854093
2015-06-23 08:30:24 INSERT comment 1854092
2015-06-23 08:30:24 INSERT comment 1854091
2015-06-23 08:30:24 INSERT comment 1854090
2015-06-23 08:30:24 INSERT comment 1854089
2015-06-23 08:30:24 INSERT comment 1854088
2015-06-23 08:30:24 INSERT comment 1854087
2015-06-23 08:30:24 INSERT comment 1854086
2015-06-23 08:30:24 INSERT comment 1854085
2015-06-23 08:30:24 INSERT comment 1854084
2015-06-23 08:30:24 INSERT comment 1854083
2015-06-23 08:30:24 INSERT comment 1854082
2015-06-23 08:30:24 INSERT comment 1854081

2015-06-23 08:30:24 REPORT card
2015-06-23 08:30:24 UPDATE card 
2015-06-23 08:30:24 UPDATE card 
2015-06-23 08:30:24 UPDATE card 
2015-06-23 08:30:24 UPDATE card 
2015-06-23 08:30:24 UPDATE card 
2015-06-23 08:30:24 UPDATE card 
2015-06-23 08:30:24 UPDATE card 
2015-06-23 08:30:24 UPDATE card 
2015-06-23 08:30:24 UPDATE card 
2015-06-23 08:30:24 UPDATE card 
2015-06-23 08:30:24 UPDATE card 
2015-06-23 08:30:24 UPDATE card 
2015-06-23 08:30:24 UPDATE card 
2015-06-23 08:30:24 UPDATE card 
2015-06-23 08:30:24 UPDATE card 
2015-06-23 08:30:24 UPDATE card 
2015-06-23 08:30:24 UPDATE card 

2015-06-23 08:30:24 REPORT comment
2015-06-23 08:30:24 UPDATE Comment 
2015-06-23 08:30:24 UPDATE Comment 
2015-06-23 08:30:24 UPDATE Comment 
2015-06-23 08:30:24 UPDATE Comment 
2015-06-23 08:30:24 UPDATE Comment 
2015-06-23 08:30:24 UPDATE Comment 
2015-06-23 08:30:24 UPDATE Comment 
2015-06-23 08:30:24 UPDATE Comment 
2015-06-23 08:30:24 UPDATE Comment 
2015-06-23 08:30:24 UPDATE Comment 
2015-06-23 08:30:24 UPDATE Comment 
2015-06-23 08:30:24 UPDATE Comment 
2015-06-23 08:30:24 UPDATE Comment 
2015-06-23 08:30:24 UPDATE Comment 
2015-06-23 08:30:24 UPDATE Comment 
2015-06-23 08:30:24 UPDATE Comment 
2015-06-23 08:30:24 UPDATE Comment 



2015-06-23 08:35:24 censor.process.php

2015-06-23 08:35:24 CRAWL card
2015-06-23 08:35:25 INSERT card 902054
2015-06-23 08:35:25 INSERT card 902060
2015-06-23 08:35:25 INSERT card 902056
2015-06-23 08:35:25 INSERT card 902055
2015-06-23 08:35:25 INSERT card 902052
2015-06-23 08:35:25 INSERT card 901983
2015-06-23 08:35:25 INSERT card 902051
2015-06-23 08:35:25 INSERT card 902048

2015-06-23 08:35:25 CRAWL comment
2015-06-23 08:35:26 INSERT comment 1854105
2015-06-23 08:35:26 INSERT comment 1854104
2015-06-23 08:35:26 INSERT comment 1854103
2015-06-23 08:35:26 INSERT comment 1854102
2015-06-23 08:35:26 INSERT comment 1854101
2015-06-23 08:35:26 INSERT comment 1854100
2015-06-23 08:35:26 INSERT comment 1854099
2015-06-23 08:35:26 INSERT comment 1854098

2015-06-23 08:35:26 REPORT card
2015-06-23 08:35:26 UPDATE card 
2015-06-23 08:35:26 UPDATE card 
2015-06-23 08:35:26 UPDATE card 
2015-06-23 08:35:26 UPDATE card 
2015-06-23 08:35:26 UPDATE card 
2015-06-23 08:35:26 UPDATE card 
2015-06-23 08:35:26 UPDATE card 
2015-06-23 08:35:26 UPDATE card 

2015-06-23 08:35:26 REPORT comment
2015-06-23 08:35:26 UPDATE Comment 
2015-06-23 08:35:26 UPDATE Comment 
2015-06-23 08:35:26 UPDATE Comment 
2015-06-23 08:35:26 UPDATE Comment 
2015-06-23 08:35:26 UPDATE Comment 
2015-06-23 08:35:26 UPDATE Comment 
2015-06-23 08:35:26 UPDATE Comment 
2015-06-23 08:35:26 UPDATE Comment 



2015-06-23 08:40:26 censor.process.php

2015-06-23 08:40:26 CRAWL card
2015-06-23 08:40:27 INSERT card 901987
2015-06-23 08:40:27 INSERT card 902058
2015-06-23 08:40:27 INSERT card 902034
2015-06-23 08:40:27 INSERT card 902054
2015-06-23 08:40:27 INSERT card 902060

2015-06-23 08:40:27 CRAWL comment
2015-06-23 08:40:28 INSERT comment 1854114
2015-06-23 08:40:28 INSERT comment 1854113
2015-06-23 08:40:28 INSERT comment 1854112
2015-06-23 08:40:28 INSERT comment 1854111
2015-06-23 08:40:28 INSERT comment 1854110
2015-06-23 08:40:28 INSERT comment 1854109
2015-06-23 08:40:28 INSERT comment 1854108
2015-06-23 08:40:28 INSERT comment 1854107
2015-06-23 08:40:28 INSERT comment 1854106
2015-06-23 08:40:28 INSERT comment 1854105
2015-06-23 08:40:28 INSERT comment 1854104
2015-06-23 08:40:28 INSERT comment 1854103

2015-06-23 08:40:28 REPORT card
2015-06-23 08:40:28 UPDATE card 
2015-06-23 08:40:28 UPDATE card 
2015-06-23 08:40:28 UPDATE card 
2015-06-23 08:40:28 UPDATE card 
2015-06-23 08:40:28 UPDATE card 
2015-06-23 08:40:28 UPDATE card 
2015-06-23 08:40:28 UPDATE card 
2015-06-23 08:40:28 UPDATE card 
2015-06-23 08:40:28 UPDATE card 
2015-06-23 08:40:28 UPDATE card 
2015-06-23 08:40:28 UPDATE card 
2015-06-23 08:40:28 UPDATE card 

2015-06-23 08:40:28 REPORT comment
2015-06-23 08:40:28 UPDATE Comment 
2015-06-23 08:40:28 UPDATE Comment 
2015-06-23 08:40:28 UPDATE Comment 
2015-06-23 08:40:28 UPDATE Comment 
2015-06-23 08:40:28 UPDATE Comment 
2015-06-23 08:40:28 UPDATE Comment 
2015-06-23 08:40:28 UPDATE Comment 
2015-06-23 08:40:28 UPDATE Comment 
2015-06-23 08:40:28 UPDATE Comment 
2015-06-23 08:40:28 UPDATE Comment 
2015-06-23 08:40:28 UPDATE Comment 
2015-06-23 08:40:28 UPDATE Comment 



2015-06-23 08:45:28 censor.process.php

2015-06-23 08:45:28 CRAWL card
2015-06-23 08:45:29 INSERT card 902064
2015-06-23 08:45:29 INSERT card 902047
2015-06-23 08:45:29 INSERT card 902067
2015-06-23 08:45:29 INSERT card 902066
2015-06-23 08:45:29 INSERT card 902065
2015-06-23 08:45:29 INSERT card 902058
2015-06-23 08:45:29 INSERT card 901987

2015-06-23 08:45:29 CRAWL comment
2015-06-23 08:45:30 INSERT comment 1854128
2015-06-23 08:45:30 INSERT comment 1854127
2015-06-23 08:45:30 INSERT comment 1854126
2015-06-23 08:45:30 INSERT comment 1854125
2015-06-23 08:45:30 INSERT comment 1854124
2015-06-23 08:45:30 INSERT comment 1854123
2015-06-23 08:45:30 INSERT comment 1854122
2015-06-23 08:45:30 INSERT comment 1854121
2015-06-23 08:45:30 INSERT comment 1854120
2015-06-23 08:45:30 INSERT comment 1854119
2015-06-23 08:45:30 INSERT comment 1854118
2015-06-23 08:45:30 INSERT comment 1854117
2015-06-23 08:45:30 INSERT comment 1854116
2015-06-23 08:45:30 INSERT comment 1854115
2015-06-23 08:45:30 INSERT comment 1854114
2015-06-23 08:45:30 INSERT comment 1854113

2015-06-23 08:45:30 REPORT card
2015-06-23 08:45:30 UPDATE card 
2015-06-23 08:45:30 UPDATE card 
2015-06-23 08:45:30 UPDATE card 
2015-06-23 08:45:30 UPDATE card 
2015-06-23 08:45:30 UPDATE card 
2015-06-23 08:45:30 UPDATE card 
2015-06-23 08:45:30 UPDATE card 
2015-06-23 08:45:30 UPDATE card 
2015-06-23 08:45:30 UPDATE card 
2015-06-23 08:45:30 UPDATE card 
2015-06-23 08:45:30 UPDATE card 
2015-06-23 08:45:30 UPDATE card 
2015-06-23 08:45:30 UPDATE card 
2015-06-23 08:45:30 UPDATE card 
2015-06-23 08:45:30 UPDATE card 
2015-06-23 08:45:30 UPDATE card 

2015-06-23 08:45:30 REPORT comment
2015-06-23 08:45:30 UPDATE Comment 
2015-06-23 08:45:30 UPDATE Comment 
2015-06-23 08:45:30 UPDATE Comment 
2015-06-23 08:45:30 UPDATE Comment 
2015-06-23 08:45:30 UPDATE Comment 
2015-06-23 08:45:30 UPDATE Comment 
2015-06-23 08:45:30 UPDATE Comment 
2015-06-23 08:45:30 UPDATE Comment 
2015-06-23 08:45:30 UPDATE Comment 
2015-06-23 08:45:30 UPDATE Comment 
2015-06-23 08:45:30 UPDATE Comment 
2015-06-23 08:45:30 UPDATE Comment 
2015-06-23 08:45:30 UPDATE Comment 
2015-06-23 08:45:30 UPDATE Comment 
2015-06-23 08:45:30 UPDATE Comment 
2015-06-23 08:45:30 UPDATE Comment 



2015-06-23 08:50:30 censor.process.php

2015-06-23 08:50:30 CRAWL card
2015-06-23 08:50:31 INSERT card 859053
2015-06-23 08:50:31 INSERT card 902057
2015-06-23 08:50:31 INSERT card 902070
2015-06-23 08:50:32 INSERT card 901920
2015-06-23 08:50:32 INSERT card 902069
2015-06-23 08:50:32 INSERT card 902072
2015-06-23 08:50:32 INSERT card 902071
2015-06-23 08:50:32 INSERT card 902061
2015-06-23 08:50:32 INSERT card 902047
2015-06-23 08:50:32 INSERT card 902064

2015-06-23 08:50:32 CRAWL comment
2015-06-23 08:50:32 INSERT comment 1854137
2015-06-23 08:50:32 INSERT comment 1854136
2015-06-23 08:50:32 INSERT comment 1854135
2015-06-23 08:50:32 INSERT comment 1854134
2015-06-23 08:50:32 INSERT comment 1854133
2015-06-23 08:50:32 INSERT comment 1854132
2015-06-23 08:50:33 INSERT comment 1854131
2015-06-23 08:50:33 INSERT comment 1854130
2015-06-23 08:50:33 INSERT comment 1854129
2015-06-23 08:50:33 INSERT comment 1854128
2015-06-23 08:50:33 INSERT comment 1854127
2015-06-23 08:50:33 INSERT comment 1854126

2015-06-23 08:50:33 REPORT card
2015-06-23 08:50:33 UPDATE card 
2015-06-23 08:50:33 UPDATE card 
2015-06-23 08:50:33 UPDATE card 
2015-06-23 08:50:33 UPDATE card 
2015-06-23 08:50:33 UPDATE card 
2015-06-23 08:50:33 UPDATE card 
2015-06-23 08:50:33 UPDATE card 
2015-06-23 08:50:33 UPDATE card 
2015-06-23 08:50:33 UPDATE card 
2015-06-23 08:50:33 UPDATE card 
2015-06-23 08:50:33 UPDATE card 
2015-06-23 08:50:33 UPDATE card 

2015-06-23 08:50:33 REPORT comment
2015-06-23 08:50:33 UPDATE Comment 
2015-06-23 08:50:33 UPDATE Comment 
2015-06-23 08:50:33 UPDATE Comment 
2015-06-23 08:50:33 UPDATE Comment 
2015-06-23 08:50:33 UPDATE Comment 
2015-06-23 08:50:33 UPDATE Comment 
2015-06-23 08:50:33 UPDATE Comment 
2015-06-23 08:50:33 UPDATE Comment 
2015-06-23 08:50:33 UPDATE Comment 
2015-06-23 08:50:33 UPDATE Comment 
2015-06-23 08:50:33 UPDATE Comment 
2015-06-23 08:50:33 UPDATE Comment 



2015-06-23 08:55:33 censor.process.php

2015-06-23 08:55:33 CRAWL card
2015-06-23 08:55:34 INSERT card 902076
2015-06-23 08:55:34 INSERT card 902074
2015-06-23 08:55:34 INSERT card 902073
2015-06-23 08:55:34 INSERT card 902062
2015-06-23 08:55:34 INSERT card 902040
2015-06-23 08:55:34 INSERT card 902053
2015-06-23 08:55:34 INSERT card 859053

2015-06-23 08:55:34 CRAWL comment
2015-06-23 08:55:34 INSERT comment 1854145
2015-06-23 08:55:34 INSERT comment 1854144
2015-06-23 08:55:34 INSERT comment 1854143
2015-06-23 08:55:34 INSERT comment 1854142
2015-06-23 08:55:35 INSERT comment 1854141
2015-06-23 08:55:35 INSERT comment 1854140
2015-06-23 08:55:35 INSERT comment 1854139
2015-06-23 08:55:35 INSERT comment 1854138
2015-06-23 08:55:35 INSERT comment 1854137

2015-06-23 08:55:35 REPORT card
2015-06-23 08:55:35 UPDATE card 
2015-06-23 08:55:35 UPDATE card 
2015-06-23 08:55:35 UPDATE card 
2015-06-23 08:55:35 UPDATE card 
2015-06-23 08:55:35 UPDATE card 
2015-06-23 08:55:35 UPDATE card 
2015-06-23 08:55:35 UPDATE card 
2015-06-23 08:55:35 UPDATE card 
2015-06-23 08:55:35 UPDATE card 

2015-06-23 08:55:35 REPORT comment
2015-06-23 08:55:35 UPDATE Comment 
2015-06-23 08:55:35 UPDATE Comment 
2015-06-23 08:55:35 UPDATE Comment 
2015-06-23 08:55:35 UPDATE Comment 
2015-06-23 08:55:35 UPDATE Comment 
2015-06-23 08:55:35 UPDATE Comment 
2015-06-23 08:55:35 UPDATE Comment 
2015-06-23 08:55:35 UPDATE Comment 
2015-06-23 08:55:35 UPDATE Comment 



2015-06-23 09:00:35 censor.process.php

2015-06-23 09:00:35 CRAWL card
2015-06-23 09:00:36 INSERT card 901993
2015-06-23 09:00:36 INSERT card 902080
2015-06-23 09:00:36 INSERT card 902078
2015-06-23 09:00:36 INSERT card 902079
2015-06-23 09:00:37 INSERT card 902077
2015-06-23 09:00:37 INSERT card 902076

2015-06-23 09:00:37 CRAWL comment
2015-06-23 09:00:37 INSERT comment 1854157
2015-06-23 09:00:37 INSERT comment 1854156
2015-06-23 09:00:37 INSERT comment 1854155
2015-06-23 09:00:37 INSERT comment 1854154
2015-06-23 09:00:37 INSERT comment 1854153
2015-06-23 09:00:37 INSERT comment 1854152
2015-06-23 09:00:37 INSERT comment 1854151
2015-06-23 09:00:37 INSERT comment 1854150
2015-06-23 09:00:37 INSERT comment 1854149
2015-06-23 09:00:37 INSERT comment 1854148
2015-06-23 09:00:37 INSERT comment 1854147
2015-06-23 09:00:37 INSERT comment 1854146
2015-06-23 09:00:37 INSERT comment 1854145

2015-06-23 09:00:37 REPORT card
2015-06-23 09:00:37 UPDATE card 
2015-06-23 09:00:37 UPDATE card 
2015-06-23 09:00:37 UPDATE card 
2015-06-23 09:00:37 UPDATE card 
2015-06-23 09:00:37 UPDATE card 
2015-06-23 09:00:37 UPDATE card 
2015-06-23 09:00:37 UPDATE card 
2015-06-23 09:00:37 UPDATE card 
2015-06-23 09:00:37 UPDATE card 
2015-06-23 09:00:37 UPDATE card 
2015-06-23 09:00:37 UPDATE card 
2015-06-23 09:00:37 UPDATE card 
2015-06-23 09:00:37 UPDATE card 

2015-06-23 09:00:37 REPORT comment
2015-06-23 09:00:37 UPDATE Comment 
2015-06-23 09:00:37 UPDATE Comment 
2015-06-23 09:00:37 UPDATE Comment 
2015-06-23 09:00:37 UPDATE Comment 
2015-06-23 09:00:37 UPDATE Comment 
2015-06-23 09:00:37 UPDATE Comment 
2015-06-23 09:00:37 UPDATE Comment 
2015-06-23 09:00:37 UPDATE Comment 
2015-06-23 09:00:37 UPDATE Comment 
2015-06-23 09:00:37 UPDATE Comment 
2015-06-23 09:00:37 UPDATE Comment 
2015-06-23 09:00:37 UPDATE Comment 
2015-06-23 09:00:37 UPDATE Comment 



2015-06-23 09:05:38 censor.process.php

2015-06-23 09:05:38 CRAWL card
2015-06-23 09:05:39 INSERT card 901993

2015-06-23 09:05:39 CRAWL comment
2015-06-23 09:05:40 INSERT comment 1854165
2015-06-23 09:05:40 INSERT comment 1854164
2015-06-23 09:05:40 INSERT comment 1854163
2015-06-23 09:05:40 INSERT comment 1854162
2015-06-23 09:05:40 INSERT comment 1854161
2015-06-23 09:05:40 INSERT comment 1854160
2015-06-23 09:05:40 INSERT comment 1854159
2015-06-23 09:05:40 INSERT comment 1854158
2015-06-23 09:05:40 INSERT comment 1854157
2015-06-23 09:05:40 INSERT comment 1854156
2015-06-23 09:05:40 INSERT comment 1854155

2015-06-23 09:05:40 REPORT card
2015-06-23 09:05:40 UPDATE card 
2015-06-23 09:05:40 UPDATE card 
2015-06-23 09:05:40 UPDATE card 
2015-06-23 09:05:40 UPDATE card 
2015-06-23 09:05:40 UPDATE card 
2015-06-23 09:05:40 UPDATE card 
2015-06-23 09:05:40 UPDATE card 
2015-06-23 09:05:40 UPDATE card 
2015-06-23 09:05:40 UPDATE card 
2015-06-23 09:05:40 UPDATE card 
2015-06-23 09:05:40 UPDATE card 

2015-06-23 09:05:40 REPORT comment
2015-06-23 09:05:40 UPDATE Comment 
2015-06-23 09:05:40 UPDATE Comment 
2015-06-23 09:05:40 UPDATE Comment 
2015-06-23 09:05:40 UPDATE Comment 
2015-06-23 09:05:40 UPDATE Comment 
2015-06-23 09:05:40 UPDATE Comment 
2015-06-23 09:05:40 UPDATE Comment 
2015-06-23 09:05:40 UPDATE Comment 
2015-06-23 09:05:40 UPDATE Comment 
2015-06-23 09:05:40 UPDATE Comment 
2015-06-23 09:05:40 UPDATE Comment 



2015-06-23 09:10:40 censor.process.php

2015-06-23 09:10:40 CRAWL card
2015-06-23 09:10:41 INSERT card 902088
2015-06-23 09:10:41 INSERT card 902085
2015-06-23 09:10:41 INSERT card 902083

2015-06-23 09:10:41 CRAWL comment
2015-06-23 09:10:41 INSERT comment 1854179
2015-06-23 09:10:41 INSERT comment 1854178
2015-06-23 09:10:41 INSERT comment 1854177
2015-06-23 09:10:42 INSERT comment 1854176
2015-06-23 09:10:42 INSERT comment 1854175
2015-06-23 09:10:42 INSERT comment 1854174
2015-06-23 09:10:42 INSERT comment 1854173
2015-06-23 09:10:42 INSERT comment 1854172
2015-06-23 09:10:42 INSERT comment 1854171
2015-06-23 09:10:42 INSERT comment 1854170
2015-06-23 09:10:42 INSERT comment 1854169
2015-06-23 09:10:42 INSERT comment 1854168
2015-06-23 09:10:42 INSERT comment 1854167
2015-06-23 09:10:42 INSERT comment 1854166
2015-06-23 09:10:42 INSERT comment 1854165
2015-06-23 09:10:42 INSERT comment 1854164

2015-06-23 09:10:42 REPORT card
2015-06-23 09:10:42 UPDATE card 
2015-06-23 09:10:42 UPDATE card 
2015-06-23 09:10:42 UPDATE card 
2015-06-23 09:10:42 UPDATE card 
2015-06-23 09:10:42 UPDATE card 
2015-06-23 09:10:42 UPDATE card 
2015-06-23 09:10:42 UPDATE card 
2015-06-23 09:10:42 UPDATE card 
2015-06-23 09:10:42 UPDATE card 
2015-06-23 09:10:42 UPDATE card 
2015-06-23 09:10:42 UPDATE card 
2015-06-23 09:10:42 UPDATE card 
2015-06-23 09:10:42 UPDATE card 
2015-06-23 09:10:42 UPDATE card 
2015-06-23 09:10:42 UPDATE card 
2015-06-23 09:10:42 UPDATE card 

2015-06-23 09:10:42 REPORT comment
2015-06-23 09:10:42 UPDATE Comment 
2015-06-23 09:10:42 UPDATE Comment 
2015-06-23 09:10:42 UPDATE Comment 
2015-06-23 09:10:42 UPDATE Comment 
2015-06-23 09:10:42 UPDATE Comment 
2015-06-23 09:10:42 UPDATE Comment 
2015-06-23 09:10:42 UPDATE Comment 
2015-06-23 09:10:42 UPDATE Comment 
2015-06-23 09:10:42 UPDATE Comment 
2015-06-23 09:10:42 UPDATE Comment 
2015-06-23 09:10:42 UPDATE Comment 
2015-06-23 09:10:42 UPDATE Comment 
2015-06-23 09:10:42 UPDATE Comment 
2015-06-23 09:10:42 UPDATE Comment 
2015-06-23 09:10:42 UPDATE Comment 
2015-06-23 09:10:42 UPDATE Comment 



2015-06-23 09:15:42 censor.process.php

2015-06-23 09:15:42 CRAWL card
2015-06-23 09:15:43 INSERT card 902084
2015-06-23 09:15:43 INSERT card 902093
2015-06-23 09:15:43 INSERT card 901960
2015-06-23 09:15:43 INSERT card 902082
2015-06-23 09:15:43 INSERT card 902088

2015-06-23 09:15:43 CRAWL comment
2015-06-23 09:15:44 INSERT comment 1854191
2015-06-23 09:15:44 INSERT comment 1854190
2015-06-23 09:15:44 INSERT comment 1854189
2015-06-23 09:15:44 INSERT comment 1854188
2015-06-23 09:15:44 INSERT comment 1854187
2015-06-23 09:15:44 INSERT comment 1854186
2015-06-23 09:15:44 INSERT comment 1854185
2015-06-23 09:15:44 INSERT comment 1854184
2015-06-23 09:15:44 INSERT comment 1854183
2015-06-23 09:15:44 INSERT comment 1854182
2015-06-23 09:15:44 INSERT comment 1854181
2015-06-23 09:15:44 INSERT comment 1854180
2015-06-23 09:15:44 INSERT comment 1854179
2015-06-23 09:15:44 INSERT comment 1854178
2015-06-23 09:15:44 INSERT comment 1854177

2015-06-23 09:15:44 REPORT card
2015-06-23 09:15:44 UPDATE card 
2015-06-23 09:15:44 UPDATE card 
2015-06-23 09:15:44 UPDATE card 
2015-06-23 09:15:44 UPDATE card 
2015-06-23 09:15:44 UPDATE card 
2015-06-23 09:15:44 UPDATE card 
2015-06-23 09:15:44 UPDATE card 
2015-06-23 09:15:44 UPDATE card 
2015-06-23 09:15:44 UPDATE card 
2015-06-23 09:15:44 UPDATE card 
2015-06-23 09:15:44 UPDATE card 
2015-06-23 09:15:44 UPDATE card 
2015-06-23 09:15:44 UPDATE card 
2015-06-23 09:15:44 UPDATE card 
2015-06-23 09:15:44 UPDATE card 

2015-06-23 09:15:44 REPORT comment
2015-06-23 09:15:44 UPDATE Comment 
2015-06-23 09:15:44 UPDATE Comment 
2015-06-23 09:15:44 UPDATE Comment 
2015-06-23 09:15:44 UPDATE Comment 
2015-06-23 09:15:44 UPDATE Comment 
2015-06-23 09:15:44 UPDATE Comment 
2015-06-23 09:15:44 UPDATE Comment 
2015-06-23 09:15:44 UPDATE Comment 
2015-06-23 09:15:44 UPDATE Comment 
2015-06-23 09:15:44 UPDATE Comment 
2015-06-23 09:15:44 UPDATE Comment 
2015-06-23 09:15:44 UPDATE Comment 
2015-06-23 09:15:44 UPDATE Comment 
2015-06-23 09:15:44 UPDATE Comment 
2015-06-23 09:15:44 UPDATE Comment 



2015-06-23 09:20:44 censor.process.php

2015-06-23 09:20:44 CRAWL card
2015-06-23 09:20:45 INSERT card 902003
2015-06-23 09:20:45 INSERT card 902081
2015-06-23 09:20:45 INSERT card 902086
2015-06-23 09:20:45 INSERT card 902087
2015-06-23 09:20:45 INSERT card 902092
2015-06-23 09:20:45 INSERT card 902094
2015-06-23 09:20:45 INSERT card 902084
2015-06-23 09:20:45 INSERT card 902093
2015-06-23 09:20:45 INSERT card 901960
2015-06-23 09:20:45 INSERT card 902082

2015-06-23 09:20:45 CRAWL comment
2015-06-23 09:20:46 INSERT comment 1854208
2015-06-23 09:20:46 INSERT comment 1854207
2015-06-23 09:20:46 INSERT comment 1854206
2015-06-23 09:20:46 INSERT comment 1854205
2015-06-23 09:20:46 INSERT comment 1854204
2015-06-23 09:20:46 INSERT comment 1854203
2015-06-23 09:20:46 INSERT comment 1854202
2015-06-23 09:20:46 INSERT comment 1854201
2015-06-23 09:20:46 INSERT comment 1854200
2015-06-23 09:20:46 INSERT comment 1854199
2015-06-23 09:20:46 INSERT comment 1854198
2015-06-23 09:20:46 INSERT comment 1854197
2015-06-23 09:20:46 INSERT comment 1854196
2015-06-23 09:20:47 INSERT comment 1854195
2015-06-23 09:20:47 INSERT comment 1854194
2015-06-23 09:20:47 INSERT comment 1854193
2015-06-23 09:20:47 INSERT comment 1854192
2015-06-23 09:20:47 INSERT comment 1854191
2015-06-23 09:20:47 INSERT comment 1854190

2015-06-23 09:20:47 REPORT card
2015-06-23 09:20:47 UPDATE card 
2015-06-23 09:20:47 UPDATE card 
2015-06-23 09:20:47 UPDATE card 
2015-06-23 09:20:47 UPDATE card 
2015-06-23 09:20:47 UPDATE card 
2015-06-23 09:20:47 UPDATE card 
2015-06-23 09:20:47 UPDATE card 
2015-06-23 09:20:47 UPDATE card 
2015-06-23 09:20:47 UPDATE card 
2015-06-23 09:20:47 UPDATE card 
2015-06-23 09:20:47 UPDATE card 
2015-06-23 09:20:47 UPDATE card 
2015-06-23 09:20:47 UPDATE card 
2015-06-23 09:20:47 UPDATE card 
2015-06-23 09:20:47 UPDATE card 
2015-06-23 09:20:47 UPDATE card 
2015-06-23 09:20:47 UPDATE card 
2015-06-23 09:20:47 UPDATE card 
2015-06-23 09:20:47 UPDATE card 

2015-06-23 09:20:47 REPORT comment
2015-06-23 09:20:47 UPDATE Comment 
2015-06-23 09:20:47 UPDATE Comment 
2015-06-23 09:20:47 UPDATE Comment 
2015-06-23 09:20:47 UPDATE Comment 
2015-06-23 09:20:47 UPDATE Comment 
2015-06-23 09:20:47 UPDATE Comment 
2015-06-23 09:20:47 UPDATE Comment 
2015-06-23 09:20:47 UPDATE Comment 
2015-06-23 09:20:47 UPDATE Comment 
2015-06-23 09:20:47 UPDATE Comment 
2015-06-23 09:20:47 UPDATE Comment 
2015-06-23 09:20:47 UPDATE Comment 
2015-06-23 09:20:47 UPDATE Comment 
2015-06-23 09:20:47 UPDATE Comment 
2015-06-23 09:20:47 UPDATE Comment 
2015-06-23 09:20:47 UPDATE Comment 
2015-06-23 09:20:47 UPDATE Comment 
2015-06-23 09:20:47 UPDATE Comment 
2015-06-23 09:20:47 UPDATE Comment 



2015-06-23 09:25:47 censor.process.php

2015-06-23 09:25:47 CRAWL card
2015-06-23 09:25:48 INSERT card 902097
2015-06-23 09:25:48 INSERT card 902102
2015-06-23 09:25:48 INSERT card 902103
2015-06-23 09:25:48 INSERT card 902099
2015-06-23 09:25:48 INSERT card 902098
2015-06-23 09:25:48 INSERT card 902081
2015-06-23 09:25:48 INSERT card 902096
2015-06-23 09:25:48 INSERT card 902003

2015-06-23 09:25:48 CRAWL comment
2015-06-23 09:25:49 INSERT comment 1854222
2015-06-23 09:25:49 INSERT comment 1854221
2015-06-23 09:25:49 INSERT comment 1854220
2015-06-23 09:25:49 INSERT comment 1854219
2015-06-23 09:25:49 INSERT comment 1854218
2015-06-23 09:25:49 INSERT comment 1854217
2015-06-23 09:25:49 INSERT comment 1854216
2015-06-23 09:25:49 INSERT comment 1854215
2015-06-23 09:25:49 INSERT comment 1854214
2015-06-23 09:25:49 INSERT comment 1854213
2015-06-23 09:25:49 INSERT comment 1854212
2015-06-23 09:25:49 INSERT comment 1854211
2015-06-23 09:25:49 INSERT comment 1854210
2015-06-23 09:25:49 INSERT comment 1854209
2015-06-23 09:25:49 INSERT comment 1854208
2015-06-23 09:25:49 INSERT comment 1854207
2015-06-23 09:25:49 INSERT comment 1854206

2015-06-23 09:25:49 REPORT card
2015-06-23 09:25:49 UPDATE card 
2015-06-23 09:25:49 UPDATE card 
2015-06-23 09:25:49 UPDATE card 
2015-06-23 09:25:49 UPDATE card 
2015-06-23 09:25:49 UPDATE card 
2015-06-23 09:25:49 UPDATE card 
2015-06-23 09:25:49 UPDATE card 
2015-06-23 09:25:49 UPDATE card 
2015-06-23 09:25:49 UPDATE card 
2015-06-23 09:25:49 UPDATE card 
2015-06-23 09:25:49 UPDATE card 
2015-06-23 09:25:49 UPDATE card 
2015-06-23 09:25:49 UPDATE card 
2015-06-23 09:25:49 UPDATE card 
2015-06-23 09:25:49 UPDATE card 
2015-06-23 09:25:49 UPDATE card 
2015-06-23 09:25:49 UPDATE card 

2015-06-23 09:25:49 REPORT comment
2015-06-23 09:25:49 UPDATE Comment 
2015-06-23 09:25:49 UPDATE Comment 
2015-06-23 09:25:49 UPDATE Comment 
2015-06-23 09:25:49 UPDATE Comment 
2015-06-23 09:25:49 UPDATE Comment 
2015-06-23 09:25:49 UPDATE Comment 
2015-06-23 09:25:49 UPDATE Comment 
2015-06-23 09:25:49 UPDATE Comment 
2015-06-23 09:25:49 UPDATE Comment 
2015-06-23 09:25:49 UPDATE Comment 
2015-06-23 09:25:49 UPDATE Comment 
2015-06-23 09:25:49 UPDATE Comment 
2015-06-23 09:25:49 UPDATE Comment 
2015-06-23 09:25:49 UPDATE Comment 
2015-06-23 09:25:49 UPDATE Comment 
2015-06-23 09:25:49 UPDATE Comment 
2015-06-23 09:25:49 UPDATE Comment 



2015-06-23 09:30:49 censor.process.php

2015-06-23 09:30:49 CRAWL card
2015-06-23 09:30:51 INSERT card 902109
2015-06-23 09:30:51 INSERT card 902107
2015-06-23 09:30:51 INSERT card 901995
2015-06-23 09:30:51 INSERT card 901934
2015-06-23 09:30:51 INSERT card 889802
2015-06-23 09:30:51 INSERT card 889797
2015-06-23 09:30:51 INSERT card 902095
2015-06-23 09:30:51 INSERT card 902108
2015-06-23 09:30:51 INSERT card 902091
2015-06-23 09:30:51 INSERT card 902106
2015-06-23 09:30:51 INSERT card 902105
2015-06-23 09:30:51 INSERT card 902104
2015-06-23 09:30:51 INSERT card 902097

2015-06-23 09:30:51 CRAWL comment
2015-06-23 09:30:52 INSERT comment 1854235
2015-06-23 09:30:52 INSERT comment 1854234
2015-06-23 09:30:52 INSERT comment 1854233
2015-06-23 09:30:52 INSERT comment 1854232
2015-06-23 09:30:52 INSERT comment 1854231
2015-06-23 09:30:52 INSERT comment 1854230
2015-06-23 09:30:52 INSERT comment 1854229
2015-06-23 09:30:52 INSERT comment 1854228
2015-06-23 09:30:52 INSERT comment 1854227
2015-06-23 09:30:52 INSERT comment 1854226
2015-06-23 09:30:52 INSERT comment 1854225
2015-06-23 09:30:52 INSERT comment 1854224
2015-06-23 09:30:52 INSERT comment 1854223
2015-06-23 09:30:52 INSERT comment 1854222
2015-06-23 09:30:52 INSERT comment 1854221
2015-06-23 09:30:52 INSERT comment 1854220
2015-06-23 09:30:52 INSERT comment 1854219

2015-06-23 09:30:52 REPORT card
2015-06-23 09:30:52 UPDATE card 
2015-06-23 09:30:52 UPDATE card 
2015-06-23 09:30:52 UPDATE card 
2015-06-23 09:30:52 UPDATE card 
2015-06-23 09:30:52 UPDATE card 
2015-06-23 09:30:52 UPDATE card 
2015-06-23 09:30:52 UPDATE card 
2015-06-23 09:30:52 UPDATE card 
2015-06-23 09:30:52 UPDATE card 
2015-06-23 09:30:52 UPDATE card 
2015-06-23 09:30:52 UPDATE card 
2015-06-23 09:30:52 UPDATE card 
2015-06-23 09:30:52 UPDATE card 
2015-06-23 09:30:52 UPDATE card 
2015-06-23 09:30:52 UPDATE card 
2015-06-23 09:30:52 UPDATE card 
2015-06-23 09:30:52 UPDATE card 

2015-06-23 09:30:52 REPORT comment
2015-06-23 09:30:52 UPDATE Comment 
2015-06-23 09:30:52 UPDATE Comment 
2015-06-23 09:30:52 UPDATE Comment 
2015-06-23 09:30:52 UPDATE Comment 
2015-06-23 09:30:52 UPDATE Comment 
2015-06-23 09:30:52 UPDATE Comment 
2015-06-23 09:30:52 UPDATE Comment 
2015-06-23 09:30:52 UPDATE Comment 
2015-06-23 09:30:52 UPDATE Comment 
2015-06-23 09:30:52 UPDATE Comment 
2015-06-23 09:30:52 UPDATE Comment 
2015-06-23 09:30:52 UPDATE Comment 
2015-06-23 09:30:52 UPDATE Comment 
2015-06-23 09:30:52 UPDATE Comment 
2015-06-23 09:30:52 UPDATE Comment 
2015-06-23 09:30:52 UPDATE Comment 
2015-06-23 09:30:52 UPDATE Comment 



2015-06-23 09:35:52 censor.process.php

2015-06-23 09:35:52 CRAWL card
2015-06-23 09:35:54 INSERT card 902119
2015-06-23 09:35:54 INSERT card 902115
2015-06-23 09:35:54 INSERT card 902118
2015-06-23 09:35:54 INSERT card 902113
2015-06-23 09:35:54 INSERT card 902116
2015-06-23 09:35:54 INSERT card 902114
2015-06-23 09:35:54 INSERT card 902109
2015-06-23 09:35:54 INSERT card 902107
2015-06-23 09:35:54 INSERT card 901995
2015-06-23 09:35:54 INSERT card 901934
2015-06-23 09:35:54 INSERT card 889802
2015-06-23 09:35:54 INSERT card 889797

2015-06-23 09:35:54 CRAWL comment
2015-06-23 09:35:54 INSERT comment 1854243
2015-06-23 09:35:54 INSERT comment 1854242
2015-06-23 09:35:54 INSERT comment 1854241
2015-06-23 09:35:54 INSERT comment 1854240
2015-06-23 09:35:54 INSERT comment 1854239
2015-06-23 09:35:54 INSERT comment 1854238
2015-06-23 09:35:55 INSERT comment 1854237
2015-06-23 09:35:55 INSERT comment 1854236
2015-06-23 09:35:55 INSERT comment 1854235
2015-06-23 09:35:55 INSERT comment 1854234
2015-06-23 09:35:55 INSERT comment 1854233

2015-06-23 09:35:55 REPORT card
2015-06-23 09:35:55 UPDATE card 
2015-06-23 09:35:55 UPDATE card 
2015-06-23 09:35:55 UPDATE card 
2015-06-23 09:35:55 UPDATE card 
2015-06-23 09:35:55 UPDATE card 
2015-06-23 09:35:55 UPDATE card 
2015-06-23 09:35:55 UPDATE card 
2015-06-23 09:35:55 UPDATE card 
2015-06-23 09:35:55 UPDATE card 
2015-06-23 09:35:55 UPDATE card 
2015-06-23 09:35:55 UPDATE card 

2015-06-23 09:35:55 REPORT comment
2015-06-23 09:35:55 UPDATE Comment 
2015-06-23 09:35:55 UPDATE Comment 
2015-06-23 09:35:55 UPDATE Comment 
2015-06-23 09:35:55 UPDATE Comment 
2015-06-23 09:35:55 UPDATE Comment 
2015-06-23 09:35:55 UPDATE Comment 
2015-06-23 09:35:55 UPDATE Comment 
2015-06-23 09:35:55 UPDATE Comment 
2015-06-23 09:35:55 UPDATE Comment 
2015-06-23 09:35:55 UPDATE Comment 
2015-06-23 09:35:55 UPDATE Comment 



2015-06-23 09:40:55 censor.process.php

2015-06-23 09:40:55 CRAWL card
2015-06-23 09:40:58 INSERT card 901535
2015-06-23 09:40:58 INSERT card 902125
2015-06-23 09:40:58 INSERT card 902124
2015-06-23 09:40:58 INSERT card 902123
2015-06-23 09:40:58 INSERT card 902117
2015-06-23 09:40:58 INSERT card 902122

2015-06-23 09:40:58 CRAWL comment
2015-06-23 09:40:58 INSERT comment 1854254
2015-06-23 09:40:58 INSERT comment 1854253
2015-06-23 09:40:58 INSERT comment 1854252
2015-06-23 09:40:58 INSERT comment 1854251
2015-06-23 09:40:59 INSERT comment 1854250
2015-06-23 09:40:59 INSERT comment 1854249
2015-06-23 09:40:59 INSERT comment 1854248
2015-06-23 09:40:59 INSERT comment 1854247
2015-06-23 09:40:59 INSERT comment 1854246
2015-06-23 09:40:59 INSERT comment 1854245
2015-06-23 09:40:59 INSERT comment 1854244
2015-06-23 09:40:59 INSERT comment 1854243

2015-06-23 09:40:59 REPORT card
2015-06-23 09:40:59 UPDATE card 
2015-06-23 09:40:59 UPDATE card 
2015-06-23 09:40:59 UPDATE card 
2015-06-23 09:40:59 UPDATE card 
2015-06-23 09:40:59 UPDATE card 
2015-06-23 09:40:59 UPDATE card 
2015-06-23 09:40:59 UPDATE card 
2015-06-23 09:40:59 UPDATE card 
2015-06-23 09:40:59 UPDATE card 
2015-06-23 09:40:59 UPDATE card 
2015-06-23 09:40:59 UPDATE card 
2015-06-23 09:40:59 UPDATE card 

2015-06-23 09:40:59 REPORT comment
2015-06-23 09:40:59 UPDATE Comment 
2015-06-23 09:40:59 UPDATE Comment 
2015-06-23 09:40:59 UPDATE Comment 
2015-06-23 09:40:59 UPDATE Comment 
2015-06-23 09:40:59 UPDATE Comment 
2015-06-23 09:40:59 UPDATE Comment 
2015-06-23 09:40:59 UPDATE Comment 
2015-06-23 09:40:59 UPDATE Comment 
2015-06-23 09:40:59 UPDATE Comment 
2015-06-23 09:40:59 UPDATE Comment 
2015-06-23 09:40:59 UPDATE Comment 
2015-06-23 09:40:59 UPDATE Comment 
